============================================================
  Generated by:           Genus(TM) Synthesis Solution 19.12-s121_1
  Generated on:           Jan 26 2023  11:44:09 pm
  Module:                 fifo1_sramb
  Operating conditions:   _nominal_ (balanced_tree)
  Wireload mode:          enclosed
  Area mode:              timing library
============================================================

Timing
--------

 Clock Period 
--------------
rclk    750.0 
wclk    750.0 
wclk2x  375.0 


  Cost    Critical              Violating 
 Group   Path Slack     TNS       Paths   
------------------------------------------
default    No paths        0.0            
INPUTS       -512.6   -17613.0         50 
OUTPUTS     -1432.5   -12888.3          9 
rclk          -28.1      -28.1          1 
wclk          -73.0      -74.0          3 
wclk2x     No paths        0.0            
------------------------------------------
Total                 -30529.4         63 

Instance Count
--------------
Leaf Instance Count             610 
Physical Instance count           0 
Sequential Instance Count       104 
Combinational Instance Count    506 
Hierarchical Instance Count       5 

Area
----
Cell Area                          511722.170
Physical Cell Area                 0.000
Total Cell Area (Cell+Physical)    511722.170
Net Area                           0.000
Total Area (Cell+Physical+Net)     511722.170

Max Fanout                         72 (fifomem/n_27)
Min Fanout                         0 (io_b_wrst_n_net)
Average Fanout                     2.7
Terms to net ratio                 4.0683
Terms to instance ratio            4.2016
Runtime                            283.35058699999996 seconds
Elapsed Runtime                    685 seconds
Genus peak memory usage            1407.74 
Innovus peak memory usage          no_value 
Hostname                           auto.ece.pdx.edu
